[	07-12-2020 11:48:47	] [BAN ACTION] A new ban record has been added. Player: 'Mootje hennep' was banned by 'PeakAlive' for 'Banned by staff.' until '01/01/3000 00:00:00'.
[	07-12-2020 11:48:53	] [BAN ACTION] A new ban record has been added. Player: 'Broodjepatat' was banned by 'PeakAlive' for 'Banned by staff.' until '01/01/3000 00:00:00'.
[	07-12-2020 11:49:03	] [BAN ACTION] A new ban record has been added. Player: 'Ryan' was banned by 'PeakAlive' for 'Banned by staff.' until '01/01/3000 00:00:00'.
[	07-12-2020 12:41:12	] [BAN ACTION] A new ban record has been added. Player: 'Florenzi' was banned by 'PeakAlive' for 'Banned by staff.' until '01/01/3000 00:00:00'.
[	07-12-2020 12:41:14	] [BAN ACTION] A new ban record has been added. Player: 'Kees Hulst' was banned by 'PeakAlive' for 'Banned by staff.' until '01/01/3000 00:00:00'.
[	15-12-2020 11:59:23	] [KICK ACTION] Player: BJERN_ has kicked: Seppetjeee for: You have been kicked. Reason: zzzz.
[	15-12-2020 12:13:54	] [BAN ACTION] The following ban record has been removed (player unbanned). [Player: Florenzi was banned by PeakAlive for Banned by staff. until 01/01/3000 00:00:00.]
[	21-03-2021 09:50:59	] [KICK ACTION] Player: BJERN_ has kicked: Stewie Griffin for: You have been kicked. Reason: flupie.
[	23-03-2021 09:47:25	] [BAN ACTION] A new ban record has been added. Player: 'JAAP' was banned by 'IshWilders' for 'Failrp , Combat loggen meerdere malen en RDM.' until '03/30/2021 09:47:24'.
[	23-03-2021 10:10:15	] [BAN ACTION] A new ban record has been added. Player: 'KrebsGrooteTurk' was banned by 'IshWilders' for 'Failrp , combat loggen en rdm' until '03/30/2021 10:10:15'.
[	23-03-2021 10:18:33	] [BAN ACTION] The following ban record has been removed (player unbanned). [Player: JAAP was banned by IshWilders for Failrp , Combat loggen meerdere malen en RDM. until 03/30/2021 09:47:24.]
[	23-03-2021 10:18:36	] [BAN ACTION] The following ban record has been removed (player unbanned). [Player: KrebsGrooteTurk was banned by IshWilders for Failrp , combat loggen en rdm until 03/30/2021 10:10:15.]
[	23-03-2021 11:27:35	] [BAN ACTION] A new ban record has been added. Player: 'Jeff' was banned by 'IshWilders' for 'failrp ' until '03/24/2021 11:27:35'.
[	24-03-2021 08:09:56	] [BAN ACTION] A new ban record has been added. Player: 'JAAP' was banned by 'IshWilders' for 'Failrp , weer rdm nu mag je 7 dagen uitzitten' until '03/31/2021 08:09:55'.
[	24-03-2021 08:10:14	] [BAN ACTION] A new ban record has been added. Player: 'KrebsGrooteTurk' was banned by 'IshWilders' for 'failrp en rdm alweer zit nu maar een week uit.' until '03/31/2021 08:10:14'.
[	24-03-2021 13:35:06	] [KICK ACTION] Player: KingZ Wesley has kicked: Murron- for: You have been kicked. Reason: afk niet reageren tegen staff en andere spelers.
[	24-03-2021 15:02:40	] [BAN ACTION] A new ban record has been added. Player: 'Mr.Doggg' was banned by 'RowinDekker' for 'Toveren doe je maar ergens anders ;)' until '04/23/2021 15:02:40'.
[	25-03-2021 06:36:16	] [BAN ACTION] A new ban record has been added. Player: 'Scoopie' was banned by 'IshWilders' for 'hacker' until '01/01/3000 00:00:00'.
[	25-03-2021 07:37:23	] [BAN ACTION] A new ban record has been added. Player: 'TheGaming_Army' was banned by 'Stewie Griffin' for 'Nadenk tijd kom over een week terug.' until '04/01/2021 07:37:23'.
[	25-03-2021 12:23:55	] [BAN ACTION] A new ban record has been added. Player: 'Arne' was banned by 'IshWilders' for 'hacken' until '01/01/3000 00:00:00'.
[	25-03-2021 14:47:50	] [BAN ACTION] A new ban record has been added. Player: 'InvalidPlayerName' was banned by 'KingZ Wesley' for 'Banned by staff.' until '01/01/3000 00:00:00'.
[	26-03-2021 04:17:23	] [KICK ACTION] Player: Dream_Shooter has kicked: wessdm1985 for: You have been kicked. Reason: AFK.
[	26-03-2021 06:27:43	] [BAN ACTION] The following ban record has been removed (player unbanned). [Player: TheGaming_Army was banned by Stewie Griffin for Nadenk tijd kom over een week terug. until 04/01/2021 07:37:23.]
[	26-03-2021 06:53:51	] [BAN ACTION] The following ban record has been removed (player unbanned). The player has been unbanned because their ban duration expired. [Player: Jeff was banned by IshWilders for failrp  until 3/24/2021 11:27:35 AM.]
[	26-03-2021 14:40:44	] [BAN ACTION] A new ban record has been added. Player: 'Daiiku' was banned by 'RowinDekker' for 'Schelden met kanker wordt niet in onze stad geaccepteerd.' until '01/01/3000 00:00:00'.
[	26-03-2021 14:41:10	] [BAN ACTION] A new ban record has been added. Player: 'InvalidPlayerName' was banned by 'RowinDekker' for 'Schelden met Kanker wordt niet in onze stad geaccepteerd.' until '01/01/3000 00:00:00'.
[	27-03-2021 11:20:43	] [KICK ACTION] Player: IshWilders has kicked: Jersey for: You have been kicked. Reason: RP verder zetten is rp verder zetten niet terug naar de stad.
[	27-03-2021 11:20:57	] [KICK ACTION] Player: IshWilders has kicked: Kenzy for: You have been kicked. Reason: rp verder zetten is verder zetten niet vluchten naar stad.
[	27-03-2021 12:07:55	] [BAN ACTION] A new ban record has been added. Player: 'timo' was banned by 'IshWilders' for 'hacken ' until '01/01/3000 00:00:00'.
[	29-03-2021 10:53:14	] [BAN ACTION] A new ban record has been added. Player: 'mrMysteryXjr' was banned by 'Stewie Griffin' for 'Frituur taal' until '03/30/2021 10:53:14'.
[	31-03-2021 21:06:09	] [BAN ACTION] The following ban record has been removed (player unbanned). The player has been unbanned because their ban duration expired. [Player: KrebsGrooteTurk was banned by IshWilders for failrp en rdm alweer zit nu maar een week uit. until 3/31/2021 8:10:14 AM.]
[	31-03-2021 21:06:58	] [BAN ACTION] The following ban record has been removed (player unbanned). The player has been unbanned because their ban duration expired. [Player: JAAP was banned by IshWilders for Failrp , weer rdm nu mag je 7 dagen uitzitten until 3/31/2021 8:09:55 AM.]
[	01-04-2021 20:17:34	] [BAN ACTION] A new ban record has been added. Player: 'ChimpieBimie' was banned by 'Stewie Griffin' for 'Failrp, RDM. graag terug komen over een week!' until '04/08/2021 12:17:34'.
[	01-04-2021 20:19:06	] [BAN ACTION] The following ban record has been removed (player unbanned). [Player: ChimpieBimie was banned by Stewie Griffin for Failrp, RDM. graag terug komen over een week! until 04/08/2021 12:17:34.]
[	01-04-2021 20:20:18	] [BAN ACTION] A new ban record has been added. Player: 'Thijmen51' was banned by 'Stewie Griffin' for 'FailRP RDM.' until '01/01/3000 00:00:00'.
[	01-04-2021 20:21:14	] [BAN ACTION] A new ban record has been added. Player: 'Ties' was banned by 'Stewie Griffin' for 'FailRP, RDM.' until '01/01/3000 00:00:00'.
[	01-04-2021 22:26:14	] [BAN ACTION] A new ban record has been added. Player: 'AFCA187' was banned by 'Stewie Griffin' for 'Cheating Wapen in begin is a no go fijne vakantie' until '04/12/2021 08:26:14'.
[	01-04-2021 22:26:52	] [BAN ACTION] A new ban record has been added. Player: 'InvalidPlayerName' was banned by 'Stewie Griffin' for 'Cheating een wapen in het begin is a now go cheat ergens anders' until '04/12/2021 08:26:52'.
[	01-04-2021 22:34:52	] [BAN ACTION] A new ban record has been added. Player: 'Qeza' was banned by 'Stewie Griffin' for 'Geen cheats DOEG' until '01/01/3000 00:00:00'.
[	04-04-2021 14:27:19	] [BAN ACTION] The following ban record has been removed (player unbanned). [Player: Daiiku was banned by RowinDekker for Schelden met kanker wordt niet in onze stad geaccepteerd. until 01/01/3000 00:00:00.]
[	04-04-2021 19:42:29	] [KICK ACTION] Player: Stewie Griffin has kicked: Mick03 for: You have been kicked. Reason: Kom naar wachtkamer (Support!).
[	04-04-2021 20:42:15	] [BAN ACTION] The following ban record has been removed (player unbanned). The player has been unbanned because their ban duration expired. [Player: mrMysteryXjr was banned by Stewie Griffin for Frituur taal until 3/30/2021 7:53:14 PM.]
[	05-04-2021 18:09:28	] [BAN ACTION] A new ban record has been added. Player: 'Remco' was banned by 'rinus3632' for 'Banned by staff. BEDANKT OOR HET TESTEN' until '01/01/3000 00:00:00'.
[	06-04-2021 16:00:50	] [KICK ACTION] Player: Dream_Shooter has kicked: presley for: You have been kicked. Reason: Ga even een normale char aanmaken als je wil !.
[	06-04-2021 18:06:07	] [BAN ACTION] A new ban record has been added. Player: 'Niemand' was banned by 'Dream_Shooter' for 'Banned by Beheer: Ga eerst eens leren rpen !' until '01/01/3000 00:00:00'.
[	06-04-2021 18:37:16	] [BAN ACTION] A new ban record has been added. Player: 'hesselajtromp' was banned by 'Dream_Shooter' for 'Banned by Beheer: Ga maar eens even nadeken wat je verkeerd heb gedaan' until '04/06/2021 20:07:16'.
[	06-04-2021 23:48:41	] [BAN ACTION] A new ban record has been added. Player: 'Razer' was banned by 'KingZ Wesley' for 'hacken doe je maar ergens anders' until '01/01/3000 00:00:00'.
[	07-04-2021 17:17:08	] [KICK ACTION] Player: Stewie Griffin has kicked: RobinGCS for: You have been kicked. Reason: Dit is geen roleplay straks melden in support!.
[	07-04-2021 20:07:53	] [BAN ACTION] The following ban record has been removed (player unbanned). The player has been unbanned because their ban duration expired. [Player: hesselajtromp was banned by Dream_Shooter for Banned by Beheer: Ga maar eens even nadeken wat je verkeerd heb gedaan until 4/6/2021 8:07:16 PM.]
[	07-04-2021 22:10:48	] [KICK ACTION] Player: Stewie Griffin has kicked: Dean for: You have been kicked. Reason: Kicked bij anti cheat..
[	07-04-2021 22:39:45	] [BAN ACTION] A new ban record has been added. Player: 'Jippie' was banned by 'Sn4k3' for 'Met vriendelijke groeten sn4k3.' until '04/08/2021 01:39:44'.
[	07-04-2021 23:04:41	] [KICK ACTION] Player: Sn4k3 has kicked: Magical-Deadshot for: You have been kicked. Reason: Je mag je character aanpassen. En een beetje normaal doen.  mvg Sn4k3.
[	08-04-2021 14:42:09	] [KICK ACTION] Player: ugb_a2b has kicked: Merijn for: You have been kicked. Reason: gedraag je zelf ook aub 1ste waarschuwing.
[	08-04-2021 15:10:13	] [BAN ACTION] A new ban record has been added. Player: 'Merijn' was banned by 'ugb_a2b' for 'Banned by jeff , nou genoeg met je frituur taal door rijden als een wapen op je gericht is dat noem ik fail RP' until '04/09/2021 15:10:13'.
[	09-04-2021 16:05:57	] [BAN ACTION] The following ban record has been removed (player unbanned). The player has been unbanned because their ban duration expired. [Player: Jippie was banned by Sn4k3 for Met vriendelijke groeten sn4k3. until 4/8/2021 1:39:44 AM.]
[	10-04-2021 03:36:36	] [BAN ACTION] A new ban record has been added. Player: 'ImElaih' was banned by 'ugb_a2b' for 'Banned by jeff verdenking van geld dupen morgen zijn jullie uitgenodigd voor een gesprek op discord' until '04/11/2021 03:36:36'.
[	10-04-2021 03:36:49	] [BAN ACTION] A new ban record has been added. Player: 'Magical-Deadshot' was banned by 'ugb_a2b' for 'Banned by jeff jij zelfste reden' until '04/11/2021 03:36:49'.
[	10-04-2021 03:37:10	] [BAN ACTION] A new ban record has been added. Player: 'therealpcgamer' was banned by 'KingZ Wesley' for 'banned by KingZ verdenking van geld duppen je kan in discord komen' until '04/11/2021 03:37:10'.
[	10-04-2021 15:40:39	] [BAN ACTION] The following ban record has been removed (player unbanned). [Player: ImElaih was banned by ugb_a2b for Banned by jeff verdenking van geld dupen morgen zijn jullie uitgenodigd voor een gesprek op discord until 04/11/2021 03:36:36.]
[	10-04-2021 15:40:43	] [BAN ACTION] The following ban record has been removed (player unbanned). [Player: therealpcgamer was banned by KingZ Wesley for banned by KingZ verdenking van geld duppen je kan in discord komen until 04/11/2021 03:37:10.]
[	10-04-2021 15:40:46	] [BAN ACTION] The following ban record has been removed (player unbanned). [Player: Magical-Deadshot was banned by ugb_a2b for Banned by jeff jij zelfste reden until 04/11/2021 03:36:49.]
[	10-04-2021 17:45:45	] [KICK ACTION] Player: ugb_a2b has kicked: Sethjarno for: You have been kicked. Reason: llees maar effe de regels.
[	10-04-2021 17:46:34	] [KICK ACTION] Player: ugb_a2b has kicked: ImElaih for: You have been kicked. Reason: jij mag ook effe de regels lezen.
[	17-04-2021 23:38:39	] [KICK ACTION] Player: ugb_a2b has kicked: Jippie for: You have been kicked. Reason: doe eens normaal.
[	18-04-2021 14:01:58	] [BAN ACTION] A new ban record has been added. Player: 'RowinDekker' was banned by 'ugb_a2b' for 'Banned by jeff ajuuu' until '01/01/3000 00:00:00'.
